<?xml version="1.0" encoding="UTF-8"?>
<!-- Generated by org.testng.reporters.JUnitReportReporter -->
<testsuite hostname="LPCL-PG033Y7Y" failures="0" tests="1" name="restassuredclasses.APITest" time="1.714" errors="0" timestamp="2024-09-10T16:01:36 IST" skipped="0">
  <testcase classname="restassuredclasses.APITest" name="createCampaignTest" time="1.714"/>
  <system-out/>
</testsuite> <!-- restassuredclasses.APITest -->
