<?xml version="1.0" encoding="UTF-8"?>
<!-- Generated by org.testng.reporters.JUnitReportReporter -->
<testsuite hostname="LPCL-PF3MMYB6" failures="0" tests="1" name="testrunner.TestRunner" time="16.873" errors="0" timestamp="2024-10-03T20:48:44 IST" skipped="0">
  <testcase classname="testrunner.TestRunner" name="runScenario" time="16.873"/>
  <system-out/>
</testsuite> <!-- testrunner.TestRunner -->
