<?xml version="1.0" encoding="UTF-8"?>
<!-- Generated by org.testng.reporters.JUnitReportReporter -->
<testsuite hostname="LPCL-PF3MMYB6" failures="0" tests="5" name="testrunner.TestRunner" time="31.041" errors="0" timestamp="2024-09-30T18:38:13 IST" skipped="0">
  <testcase classname="testrunner.TestRunner" name="runScenario" time="9.279"/>
  <system-out/>
  <testcase classname="testrunner.TestRunner" name="runScenario" time="5.605"/>
  <system-out/>
  <testcase classname="testrunner.TestRunner" name="runScenario" time="5.520"/>
  <system-out/>
  <testcase classname="testrunner.TestRunner" name="runScenario" time="5.057"/>
  <system-out/>
  <testcase classname="testrunner.TestRunner" name="runScenario" time="5.580"/>
  <system-out/>
</testsuite> <!-- testrunner.TestRunner -->
