<?xml version="1.0" encoding="UTF-8"?>
<!-- Generated by org.testng.reporters.JUnitReportReporter -->
<testsuite hostname="LPCL-PG033Y7Y" failures="0" tests="1" name="restassuredclasses.LoginToEpro" time="3.868" errors="0" timestamp="2024-09-06T14:55:38 IST" skipped="0">
  <testcase classname="restassuredclasses.LoginToEpro" name="loginRequest" time="3.868"/>
  <system-out/>
</testsuite> <!-- restassuredclasses.LoginToEpro -->
